<?xml version="1.0" encoding="UTF-8"?>
<testsuite xmlns:xsi="http://www.w3.org/2001/XMLSchema-instance" xsi:noNamespaceSchemaLocation="https://maven.apache.org/surefire/maven-surefire-plugin/xsd/surefire-test-report.xsd" name="org.apache.orc.mapreduce.TestMapreduceOrcOutputFormat" time="1.281" tests="5" errors="0" skipped="0" failures="0">
  <properties>
[...]
</properties>
  <testcase name="testPredicatePushdown" classname="org.apache.orc.mapreduce.TestMapreduceOrcOutputFormat" time="0.405"/>
  <testcase name="testColumnSelectionBlank" classname="org.apache.orc.mapreduce.TestMapreduceOrcOutputFormat" time="0.028"/>
  <testcase name="testColumnSelection" classname="org.apache.orc.mapreduce.TestMapreduceOrcOutputFormat" time="0.036"/>
  <testcase name="testOrcKey" classname="org.apache.orc.mapreduce.TestMapreduceOrcOutputFormat" time="0.028"/>
  <testcase name="testOrcValue" classname="org.apache.orc.mapreduce.TestMapreduceOrcOutputFormat" time="0.015"/>
</testsuite>