<?xml version="1.0" encoding="UTF-8"?>
<testsuite xmlns:xsi="http://www.w3.org/2001/XMLSchema-instance" xsi:noNamespaceSchemaLocation="https://maven.apache.org/surefire/maven-surefire-plugin/xsd/surefire-test-report.xsd" name="org.apache.orc.impl.TestHadoopShimsPre2_7" time="0.268" tests="2" errors="0" skipped="0" failures="0">
  <properties>
[...]
</properties>
  <testcase name="testFindingAesEncryption" classname="org.apache.orc.impl.TestHadoopShimsPre2_7" time="0.108"/>
  <testcase name="testFindingUnknownEncryption" classname="org.apache.orc.impl.TestHadoopShimsPre2_7" time="0"/>
</testsuite>