<?xml version="1.0" encoding="UTF-8"?>
<testsuite xmlns:xsi="http://www.w3.org/2001/XMLSchema-instance" xsi:noNamespaceSchemaLocation="https://maven.apache.org/surefire/maven-surefire-plugin/xsd/surefire-test-report.xsd" name="org.apache.orc.TestVectorOrcFile" time="20.609" tests="129" errors="0" skipped="18" failures="0">
  <properties>
[...]
</properties>
  <testcase name="testColumnProjection[0]" classname="org.apache.orc.TestVectorOrcFile" time="0.887"/>
  <testcase name="testBadPrestoVersion[0]" classname="org.apache.orc.TestVectorOrcFile" time="0.033"/>
  <testcase name="testZeroByteOrcFile[0]" classname="org.apache.orc.TestVectorOrcFile" time="0.019"/>
  <testcase name="testDate1900[0]" classname="org.apache.orc.TestVectorOrcFile" time="1.633"/>
  <testcase name="testDate2038[0]" classname="org.apache.orc.TestVectorOrcFile" time="3.022"/>
  <testcase name="testColumnEncryption[0]" classname="org.apache.orc.TestVectorOrcFile" time="0">
    <skipped message="got: &lt;false&gt;, expected: is &lt;true&gt;"/>
  </testcase>
  <testcase name="testLz4[0]" classname="org.apache.orc.TestVectorOrcFile" time="0.064"/>
  <testcase name="testLzo[0]" classname="org.apache.orc.TestVectorOrcFile" time="0.067"/>
  <testcase name="testMemoryManagement[0]" classname="org.apache.orc.TestVectorOrcFile" time="0.049"/>
  <testcase name="testLists[0]" classname="org.apache.orc.TestVectorOrcFile" time="0.029"/>
  <testcase name="testMerge[0]" classname="org.apache.orc.TestVectorOrcFile" time="0.116"/>
  <testcase name="testWriterVersion[0]" classname="org.apache.orc.TestVectorOrcFile" time="0.017"/>
  <testcase name="testPredicatePushdown[0]" classname="org.apache.orc.TestVectorOrcFile" time="0.061"/>
  <testcase name="testMaps[0]" classname="org.apache.orc.TestVectorOrcFile" time="0.04"/>
  <testcase name="testSeek[0]" classname="org.apache.orc.TestVectorOrcFile" time="1.358"/>
  <testcase name="testZstd[0]" classname="org.apache.orc.TestVectorOrcFile" time="0.197"/>
  <testcase name="testEncryptMerge[0]" classname="org.apache.orc.TestVectorOrcFile" time="0">
    <skipped message="got: &lt;false&gt;, expected: is &lt;true&gt;"/>
  </testcase>
  <testcase name="testNonDictionaryRepeatingString[0]" classname="org.apache.orc.TestVectorOrcFile" time="0">
    <skipped message="got: &lt;false&gt;, expected: is &lt;true&gt;"/>
  </testcase>
  <testcase name="testWithoutIndex[0]" classname="org.apache.orc.TestVectorOrcFile" time="0.122"/>
  <testcase name="testEmptyFile[0]" classname="org.apache.orc.TestVectorOrcFile" time="0.023"/>
  <testcase name="testStripeLevelStats[0]" classname="org.apache.orc.TestVectorOrcFile" time="0.023"/>
  <testcase name="testHiveDecimalStatsAllNulls[0]" classname="org.apache.orc.TestVectorOrcFile" time="0.03"/>
  <testcase name="testCodecPool[0]" classname="org.apache.orc.TestVectorOrcFile" time="0.245"/>
  <testcase name="metaData[0]" classname="org.apache.orc.TestVectorOrcFile" time="0.043"/>
  <testcase name="testRepeating[0]" classname="org.apache.orc.TestVectorOrcFile" time="0.179"/>
  <testcase name="testEmptyDoubleStream[0]" classname="org.apache.orc.TestVectorOrcFile" time="0.023"/>
  <testcase name="test1[0]" classname="org.apache.orc.TestVectorOrcFile" time="0.033"/>
  <testcase name="testStringAndBinaryStatistics[0]" classname="org.apache.orc.TestVectorOrcFile" time="0.021"/>
  <testcase name="testExpansion[0]" classname="org.apache.orc.TestVectorOrcFile" time="0.03"/>
  <testcase name="testTimestamp[0]" classname="org.apache.orc.TestVectorOrcFile" time="0.013"/>
  <testcase name="testReadFormat_0_11[0]" classname="org.apache.orc.TestVectorOrcFile" time="0.016"/>
  <testcase name="testMultiStripeColumnEncryption[0]" classname="org.apache.orc.TestVectorOrcFile" time="0">
    <skipped message="got: &lt;false&gt;, expected: is &lt;true&gt;"/>
  </testcase>
  <testcase name="testFutureOrcFile[0]" classname="org.apache.orc.TestVectorOrcFile" time="0.061"/>
  <testcase name="testDecimal64Reading[0]" classname="org.apache.orc.TestVectorOrcFile" time="0.013"/>
  <testcase name="testStringPadding[0]" classname="org.apache.orc.TestVectorOrcFile" time="0.014"/>
  <testcase name="testPredicatePushdownForComplex[0]" classname="org.apache.orc.TestVectorOrcFile" time="0.026"/>
  <testcase name="testFileVersion[0]" classname="org.apache.orc.TestVectorOrcFile" time="0.006"/>
  <testcase name="testUnionAndTimestamp[0]" classname="org.apache.orc.TestVectorOrcFile" time="0.036"/>
  <testcase name="testDecimal64Writing[0]" classname="org.apache.orc.TestVectorOrcFile" time="0.012"/>
  <testcase name="testSnappy[0]" classname="org.apache.orc.TestVectorOrcFile" time="0.045"/>
  <testcase name="testUnions[0]" classname="org.apache.orc.TestVectorOrcFile" time="0.016"/>
  <testcase name="testMergeUnderstood[0]" classname="org.apache.orc.TestVectorOrcFile" time="0.135"/>
  <testcase name="testStructs[0]" classname="org.apache.orc.TestVectorOrcFile" time="0.016"/>
  <testcase name="testColumnProjection[1]" classname="org.apache.orc.TestVectorOrcFile" time="0.135"/>
  <testcase name="testBadPrestoVersion[1]" classname="org.apache.orc.TestVectorOrcFile" time="0">
    <skipped message="got: &lt;false&gt;, expected: is &lt;true&gt;"/>
  </testcase>
  <testcase name="testZeroByteOrcFile[1]" classname="org.apache.orc.TestVectorOrcFile" time="0">
    <skipped message="got: &lt;false&gt;, expected: is &lt;true&gt;"/>
  </testcase>
  <testcase name="testDate1900[1]" classname="org.apache.orc.TestVectorOrcFile" time="0.981"/>
  <testcase name="testDate2038[1]" classname="org.apache.orc.TestVectorOrcFile" time="1.754"/>
  <testcase name="testColumnEncryption[1]" classname="org.apache.orc.TestVectorOrcFile" time="0.174"/>
  <testcase name="testLz4[1]" classname="org.apache.orc.TestVectorOrcFile" time="0.042"/>
  <testcase name="testLzo[1]" classname="org.apache.orc.TestVectorOrcFile" time="0.031"/>
  <testcase name="testMemoryManagement[1]" classname="org.apache.orc.TestVectorOrcFile" time="0.011"/>
  <testcase name="testLists[1]" classname="org.apache.orc.TestVectorOrcFile" time="0.026"/>
  <testcase name="testMerge[1]" classname="org.apache.orc.TestVectorOrcFile" time="0.037"/>
  <testcase name="testWriterVersion[1]" classname="org.apache.orc.TestVectorOrcFile" time="0">
    <skipped message="got: &lt;false&gt;, expected: is &lt;true&gt;"/>
  </testcase>
  <testcase name="testPredicatePushdown[1]" classname="org.apache.orc.TestVectorOrcFile" time="0.017"/>
  <testcase name="testMaps[1]" classname="org.apache.orc.TestVectorOrcFile" time="0.013"/>
  <testcase name="testSeek[1]" classname="org.apache.orc.TestVectorOrcFile" time="0.808"/>
  <testcase name="testZstd[1]" classname="org.apache.orc.TestVectorOrcFile" time="0.032"/>
  <testcase name="testEncryptMerge[1]" classname="org.apache.orc.TestVectorOrcFile" time="0.683"/>
  <testcase name="testNonDictionaryRepeatingString[1]" classname="org.apache.orc.TestVectorOrcFile" time="0.02"/>
  <testcase name="testWithoutIndex[1]" classname="org.apache.orc.TestVectorOrcFile" time="0.089"/>
  <testcase name="testEmptyFile[1]" classname="org.apache.orc.TestVectorOrcFile" time="0.014"/>
  <testcase name="testStripeLevelStats[1]" classname="org.apache.orc.TestVectorOrcFile" time="0.016"/>
  <testcase name="testHiveDecimalStatsAllNulls[1]" classname="org.apache.orc.TestVectorOrcFile" time="0.012"/>
  <testcase name="testCodecPool[1]" classname="org.apache.orc.TestVectorOrcFile" time="0.123"/>
  <testcase name="metaData[1]" classname="org.apache.orc.TestVectorOrcFile" time="0.014"/>
  <testcase name="testRepeating[1]" classname="org.apache.orc.TestVectorOrcFile" time="0.076"/>
  <testcase name="testEmptyDoubleStream[1]" classname="org.apache.orc.TestVectorOrcFile" time="0.011"/>
  <testcase name="test1[1]" classname="org.apache.orc.TestVectorOrcFile" time="0.019"/>
  <testcase name="testStringAndBinaryStatistics[1]" classname="org.apache.orc.TestVectorOrcFile" time="0.011"/>
  <testcase name="testExpansion[1]" classname="org.apache.orc.TestVectorOrcFile" time="0.027"/>
  <testcase name="testTimestamp[1]" classname="org.apache.orc.TestVectorOrcFile" time="0.011"/>
  <testcase name="testReadFormat_0_11[1]" classname="org.apache.orc.TestVectorOrcFile" time="0">
    <skipped message="got: &lt;false&gt;, expected: is &lt;true&gt;"/>
  </testcase>
  <testcase name="testMultiStripeColumnEncryption[1]" classname="org.apache.orc.TestVectorOrcFile" time="0.92"/>
  <testcase name="testFutureOrcFile[1]" classname="org.apache.orc.TestVectorOrcFile" time="0">
    <skipped message="got: &lt;false&gt;, expected: is &lt;true&gt;"/>
  </testcase>
  <testcase name="testDecimal64Reading[1]" classname="org.apache.orc.TestVectorOrcFile" time="0.012"/>
  <testcase name="testStringPadding[1]" classname="org.apache.orc.TestVectorOrcFile" time="0.019"/>
  <testcase name="testPredicatePushdownForComplex[1]" classname="org.apache.orc.TestVectorOrcFile" time="0.021"/>
  <testcase name="testFileVersion[1]" classname="org.apache.orc.TestVectorOrcFile" time="0">
    <skipped message="got: &lt;false&gt;, expected: is &lt;true&gt;"/>
  </testcase>
  <testcase name="testUnionAndTimestamp[1]" classname="org.apache.orc.TestVectorOrcFile" time="0.026"/>
  <testcase name="testDecimal64Writing[1]" classname="org.apache.orc.TestVectorOrcFile" time="0.011"/>
  <testcase name="testSnappy[1]" classname="org.apache.orc.TestVectorOrcFile" time="0.03"/>
  <testcase name="testUnions[1]" classname="org.apache.orc.TestVectorOrcFile" time="0.012"/>
  <testcase name="testMergeUnderstood[1]" classname="org.apache.orc.TestVectorOrcFile" time="0">
    <skipped message="got: &lt;false&gt;, expected: is &lt;true&gt;"/>
  </testcase>
  <testcase name="testStructs[1]" classname="org.apache.orc.TestVectorOrcFile" time="0.011"/>
  <testcase name="testColumnProjection[2]" classname="org.apache.orc.TestVectorOrcFile" time="0.068"/>
  <testcase name="testBadPrestoVersion[2]" classname="org.apache.orc.TestVectorOrcFile" time="0">
    <skipped message="got: &lt;false&gt;, expected: is &lt;true&gt;"/>
  </testcase>
  <testcase name="testZeroByteOrcFile[2]" classname="org.apache.orc.TestVectorOrcFile" time="0">
    <skipped message="got: &lt;false&gt;, expected: is &lt;true&gt;"/>
  </testcase>
  <testcase name="testDate1900[2]" classname="org.apache.orc.TestVectorOrcFile" time="0.785"/>
  <testcase name="testDate2038[2]" classname="org.apache.orc.TestVectorOrcFile" time="1.356"/>
  <testcase name="testColumnEncryption[2]" classname="org.apache.orc.TestVectorOrcFile" time="0.05"/>
  <testcase name="testLz4[2]" classname="org.apache.orc.TestVectorOrcFile" time="0.034"/>
  <testcase name="testLzo[2]" classname="org.apache.orc.TestVectorOrcFile" time="0.036"/>
  <testcase name="testMemoryManagement[2]" classname="org.apache.orc.TestVectorOrcFile" time="0.016"/>
  <testcase name="testLists[2]" classname="org.apache.orc.TestVectorOrcFile" time="0.01"/>
  <testcase name="testMerge[2]" classname="org.apache.orc.TestVectorOrcFile" time="0.154"/>
  <testcase name="testWriterVersion[2]" classname="org.apache.orc.TestVectorOrcFile" time="0">
    <skipped message="got: &lt;false&gt;, expected: is &lt;true&gt;"/>
  </testcase>
  <testcase name="testPredicatePushdown[2]" classname="org.apache.orc.TestVectorOrcFile" time="0.016"/>
  <testcase name="testMaps[2]" classname="org.apache.orc.TestVectorOrcFile" time="0.015"/>
  <testcase name="testSeek[2]" classname="org.apache.orc.TestVectorOrcFile" time="0.696"/>
  <testcase name="testZstd[2]" classname="org.apache.orc.TestVectorOrcFile" time="0.03"/>
  <testcase name="testEncryptMerge[2]" classname="org.apache.orc.TestVectorOrcFile" time="0.519"/>
  <testcase name="testNonDictionaryRepeatingString[2]" classname="org.apache.orc.TestVectorOrcFile" time="0.02"/>
  <testcase name="testWithoutIndex[2]" classname="org.apache.orc.TestVectorOrcFile" time="0.084"/>
  <testcase name="testEmptyFile[2]" classname="org.apache.orc.TestVectorOrcFile" time="0.018"/>
  <testcase name="testStripeLevelStats[2]" classname="org.apache.orc.TestVectorOrcFile" time="0.022"/>
  <testcase name="testHiveDecimalStatsAllNulls[2]" classname="org.apache.orc.TestVectorOrcFile" time="0.016"/>
  <testcase name="testCodecPool[2]" classname="org.apache.orc.TestVectorOrcFile" time="0.152"/>
  <testcase name="metaData[2]" classname="org.apache.orc.TestVectorOrcFile" time="0.019"/>
  <testcase name="testRepeating[2]" classname="org.apache.orc.TestVectorOrcFile" time="0.102"/>
  <testcase name="testEmptyDoubleStream[2]" classname="org.apache.orc.TestVectorOrcFile" time="0.019"/>
  <testcase name="test1[2]" classname="org.apache.orc.TestVectorOrcFile" time="0.021"/>
  <testcase name="testStringAndBinaryStatistics[2]" classname="org.apache.orc.TestVectorOrcFile" time="0.01"/>
  <testcase name="testExpansion[2]" classname="org.apache.orc.TestVectorOrcFile" time="0.021"/>
  <testcase name="testTimestamp[2]" classname="org.apache.orc.TestVectorOrcFile" time="0.016"/>
  <testcase name="testReadFormat_0_11[2]" classname="org.apache.orc.TestVectorOrcFile" time="0">
    <skipped message="got: &lt;false&gt;, expected: is &lt;true&gt;"/>
  </testcase>
  <testcase name="testMultiStripeColumnEncryption[2]" classname="org.apache.orc.TestVectorOrcFile" time="0.676"/>
  <testcase name="testFutureOrcFile[2]" classname="org.apache.orc.TestVectorOrcFile" time="0">
    <skipped message="got: &lt;false&gt;, expected: is &lt;true&gt;"/>
  </testcase>
  <testcase name="testDecimal64Reading[2]" classname="org.apache.orc.TestVectorOrcFile" time="0.018"/>
  <testcase name="testStringPadding[2]" classname="org.apache.orc.TestVectorOrcFile" time="0.011"/>
  <testcase name="testPredicatePushdownForComplex[2]" classname="org.apache.orc.TestVectorOrcFile" time="0.016"/>
  <testcase name="testFileVersion[2]" classname="org.apache.orc.TestVectorOrcFile" time="0">
    <skipped message="got: &lt;false&gt;, expected: is &lt;true&gt;"/>
  </testcase>
  <testcase name="testUnionAndTimestamp[2]" classname="org.apache.orc.TestVectorOrcFile" time="0.045"/>
  <testcase name="testDecimal64Writing[2]" classname="org.apache.orc.TestVectorOrcFile" time="0.021"/>
  <testcase name="testSnappy[2]" classname="org.apache.orc.TestVectorOrcFile" time="0.048"/>
  <testcase name="testUnions[2]" classname="org.apache.orc.TestVectorOrcFile" time="0.029"/>
  <testcase name="testMergeUnderstood[2]" classname="org.apache.orc.TestVectorOrcFile" time="0">
    <skipped message="got: &lt;false&gt;, expected: is &lt;true&gt;"/>
  </testcase>
  <testcase name="testStructs[2]" classname="org.apache.orc.TestVectorOrcFile" time="0.011"/>
</testsuite>