<?xml version="1.0" encoding="UTF-8"?>
<testsuite xmlns:xsi="http://www.w3.org/2001/XMLSchema-instance" xsi:noNamespaceSchemaLocation="https://maven.apache.org/surefire/maven-surefire-plugin/xsd/surefire-test-report.xsd" name="org.apache.orc.TestStringDictionary" time="1.59" tests="8" errors="0" skipped="0" failures="0">
  <properties>
[...]
</properties>
  <testcase name="testHalfDistinctCheckDisabled" classname="org.apache.orc.TestStringDictionary" time="0.815"/>
  <testcase name="testTooManyDistinctV11AlwaysDictionary" classname="org.apache.orc.TestStringDictionary" time="0.181"/>
  <testcase name="testTooManyDistinct" classname="org.apache.orc.TestStringDictionary" time="0.121"/>
  <testcase name="testDisableDictionaryForSpecificColumn" classname="org.apache.orc.TestStringDictionary" time="0.11"/>
  <testcase name="testHalfDistinct" classname="org.apache.orc.TestStringDictionary" time="0.076"/>
  <testcase name="testNonDistinctDisabled" classname="org.apache.orc.TestStringDictionary" time="0.017"/>
  <testcase name="testTooManyDistinctCheckDisabled" classname="org.apache.orc.TestStringDictionary" time="0.089"/>
  <testcase name="testForcedNonDictionary" classname="org.apache.orc.TestStringDictionary" time="0.063"/>
</testsuite>